<?xml version="1.0" encoding="UTF-8"?>
<testsuite xmlns:xsi="http://www.w3.org/2001/XMLSchema-instance" xsi:noNamespaceSchemaLocation="https://maven.apache.org/surefire/maven-surefire-plugin/xsd/surefire-test-report-3.0.xsd" version="3.0" name="ar.edu.itba.pod.concurrency.exercises.e1.GenericServiceTest" time="0.042" tests="9" errors="0" skipped="0" failures="0">
  <properties>
[...]
</properties>
  <testcase name="visit_count_should_start_in_zero" classname="ar.edu.itba.pod.concurrency.exercises.e1.GenericServiceTest" time="0.018"/>
  <testcase name="queue_should_start_empty" classname="ar.edu.itba.pod.concurrency.exercises.e1.GenericServiceTest" time="0"/>
  <testcase name="queue_should_return_in_order" classname="ar.edu.itba.pod.concurrency.exercises.e1.GenericServiceTest" time="0.002"/>
  <testcase name="visit_count_should_reflect_visits" classname="ar.edu.itba.pod.concurrency.exercises.e1.GenericServiceTest" time="0.001"/>
  <testcase name="queue_throws_on_get_empty" classname="ar.edu.itba.pod.concurrency.exercises.e1.GenericServiceTest" time="0.001"/>
  <testcase name="to_upper_of_null" classname="ar.edu.itba.pod.concurrency.exercises.e1.GenericServiceTest" time="0.001"/>
  <testcase name="to_upper_of_message" classname="ar.edu.itba.pod.concurrency.exercises.e1.GenericServiceTest" time="0"/>
  <testcase name="echo_should_echo_the_message" classname="ar.edu.itba.pod.concurrency.exercises.e1.GenericServiceTest" time="0"/>
  <testcase name="echo_of_null" classname="ar.edu.itba.pod.concurrency.exercises.e1.GenericServiceTest" time="0"/>
</testsuite>